Build started 2019-04-04 14:18:05.
     1>Project "E:\GitTest\HelloWorld\SayHello\SayHello\SayHello.vcxproj" on node 2 (build target(s)).
     1>InitializeBuildStatus:
         Creating "Debug\SayHello.unsuccessfulbuild" because "AlwaysCreate" was specified.
       ClCompile:
         All outputs are up-to-date.
         c:\Program Files (x86)\Microsoft Visual Studio 10.0\VC\bin\CL.exe /c /ZI /nologo /W3 /WX- /Od /Oy- /D WIN32 /D _DEBUG /D _CONSOLE /D _UNICODE /D UNICODE /Gm /EHsc /RTC1 /MDd /GS /fp:precise /Zc:wchar_t /Zc:forScope /Yu"StdAfx.h" /Fp"Debug\SayHello.pch" /Fo"Debug\\" /Fd"Debug\vc100.pdb" /Gd /TP /analyze- /errorReport:prompt SayHello.cpp
         SayHello.cpp
       ManifestResourceCompile:
         All outputs are up-to-date.
       Link:
         c:\Program Files (x86)\Microsoft Visual Studio 10.0\VC\bin\link.exe /ERRORREPORT:PROMPT /OUT:"E:\GitTest\HelloWorld\SayHello\Debug\SayHello.exe" /INCREMENTAL /NOLOGO kernel32.lib user32.lib gdi32.lib winspool.lib comdlg32.lib advapi32.lib shell32.lib ole32.lib oleaut32.lib uuid.lib odbc32.lib odbccp32.lib /MANIFEST /ManifestFile:"Debug\SayHello.exe.intermediate.manifest" /MANIFESTUAC:"level='asInvoker' uiAccess='false'" /DEBUG /PDB:"E:\GitTest\HelloWorld\SayHello\Debug\SayHello.pdb" /SUBSYSTEM:CONSOLE /TLBID:1 /DYNAMICBASE /NXCOMPAT /IMPLIB:"E:\GitTest\HelloWorld\SayHello\Debug\SayHello.lib" /MACHINE:X86 Debug\SayHello.exe.embed.manifest.res
         Debug\SayHello.obj
         Debug\stdafx.obj
       Manifest:
         c:\Program Files (x86)\Microsoft SDKs\Windows\v7.0A\bin\mt.exe /nologo /verbose /out:"Debug\SayHello.exe.embed.manifest" /manifest Debug\SayHello.exe.intermediate.manifest
         All outputs are up-to-date.
       LinkEmbedManifest:
         All outputs are up-to-date.
         SayHello.vcxproj -> E:\GitTest\HelloWorld\SayHello\Debug\SayHello.exe
       FinalizeBuildStatus:
         Deleting file "Debug\SayHello.unsuccessfulbuild".
         Touching "Debug\SayHello.lastbuildstate".
     1>Done Building Project "E:\GitTest\HelloWorld\SayHello\SayHello\SayHello.vcxproj" (build target(s)).

Build succeeded.

Time Elapsed 00:00:01.21
