Build started 2019-03-11 09:04:47.
     1>Project "F:\MyTestCode\MyHashMapText\MyHashMapText\MyHashMapText.vcxproj" on node 2 (build target(s)).
     1>InitializeBuildStatus:
         Creating "Debug\MyHashMapText.unsuccessfulbuild" because "AlwaysCreate" was specified.
       ClCompile:
         All outputs are up-to-date.
         c:\Program Files (x86)\Microsoft Visual Studio 10.0\VC\bin\CL.exe /c /ZI /nologo /W3 /WX- /Od /Oy- /D WIN32 /D _DEBUG /D _CONSOLE /D _UNICODE /D UNICODE /Gm /EHsc /RTC1 /MDd /GS /fp:precise /Zc:wchar_t /Zc:forScope /Yu"StdAfx.h" /Fp"Debug\MyHashMapText.pch" /Fo"Debug\\" /Fd"Debug\vc100.pdb" /Gd /TP /analyze- /errorReport:prompt MyHashMapText.cpp
         MyHashMapText.cpp
     1>f:\mytestcode\myhashmaptext\myhashmaptext\myhashmaptext.cpp(20): warning C4018: '<' : signed/unsigned mismatch
       ManifestResourceCompile:
         All outputs are up-to-date.
       Link:
         c:\Program Files (x86)\Microsoft Visual Studio 10.0\VC\bin\link.exe /ERRORREPORT:PROMPT /OUT:"F:\MyTestCode\MyHashMapText\Debug\MyHashMapText.exe" /INCREMENTAL /NOLOGO kernel32.lib user32.lib gdi32.lib winspool.lib comdlg32.lib advapi32.lib shell32.lib ole32.lib oleaut32.lib uuid.lib odbc32.lib odbccp32.lib /MANIFEST /ManifestFile:"Debug\MyHashMapText.exe.intermediate.manifest" /MANIFESTUAC:"level='asInvoker' uiAccess='false'" /DEBUG /PDB:"F:\MyTestCode\MyHashMapText\Debug\MyHashMapText.pdb" /SUBSYSTEM:CONSOLE /TLBID:1 /DYNAMICBASE /NXCOMPAT /IMPLIB:"F:\MyTestCode\MyHashMapText\Debug\MyHashMapText.lib" /MACHINE:X86 Debug\MyHashMapText.exe.embed.manifest.res
         Debug\MyHashMapText.obj
         Debug\stdafx.obj
       Manifest:
         c:\Program Files (x86)\Microsoft SDKs\Windows\v7.0A\bin\mt.exe /nologo /verbose /out:"Debug\MyHashMapText.exe.embed.manifest" /manifest Debug\MyHashMapText.exe.intermediate.manifest
         All outputs are up-to-date.
       LinkEmbedManifest:
         All outputs are up-to-date.
         MyHashMapText.vcxproj -> F:\MyTestCode\MyHashMapText\Debug\MyHashMapText.exe
       FinalizeBuildStatus:
         Deleting file "Debug\MyHashMapText.unsuccessfulbuild".
         Touching "Debug\MyHashMapText.lastbuildstate".
     1>Done Building Project "F:\MyTestCode\MyHashMapText\MyHashMapText\MyHashMapText.vcxproj" (build target(s)).

Build succeeded.

Time Elapsed 00:00:01.16
